<?xml version="1.0" encoding="UTF-8"?>
<!-- Generated by org.testng.reporters.JUnitReportReporter -->
<testsuite hostname="DESKTOP-KJACJ2C" failures="0" tests="3" name="framework.Tests.SubmitOrderTest" time="63.483" errors="0" timestamp="2024-06-28T12:44:48 IST" skipped="0">
  <testcase classname="framework.Tests.SubmitOrderTest" name="orderHistory" time="10.520"/>
  <testcase classname="framework.Tests.SubmitOrderTest" name="submitOrder" time="28.373"/>
  <testcase classname="framework.Tests.SubmitOrderTest" name="submitOrder" time="24.590"/>
</testsuite> <!-- framework.Tests.SubmitOrderTest -->
