<?xml version="1.0" encoding="UTF-8"?>
<!-- Generated by org.testng.reporters.JUnitReportReporter -->
<testsuite hostname="DESKTOP-KJACJ2C" failures="0" tests="1" name="cucumber.TestNGTestRunner" time="13.386" errors="0" timestamp="2024-07-05T18:24:51 IST" skipped="0">
  <testcase classname="cucumber.TestNGTestRunner" name="runScenario" time="13.386"/>
</testsuite> <!-- cucumber.TestNGTestRunner -->
