<?xml version="1.0" encoding="UTF-8"?>
<!-- Generated by org.testng.reporters.JUnitReportReporter -->
<testsuite hostname="DESKTOP-KJACJ2C" failures="0" tests="1" name="framework.Tests.ErrorValidations" time="9.636" errors="0" timestamp="2024-06-18T13:30:10 IST" skipped="0">
  <testcase classname="framework.Tests.ErrorValidations" name="submitOrder" time="9.636"/>
</testsuite> <!-- framework.Tests.ErrorValidations -->
