<?xml version="1.0" encoding="UTF-8"?>
<!-- Generated by org.testng.reporters.JUnitReportReporter -->
<testsuite hostname="DESKTOP-KJACJ2C" failures="0" tests="1" name="framework.Tests.ErrorValidationsTest" time="21.000" errors="0" timestamp="2024-07-03T18:03:15 IST" skipped="0">
  <testcase classname="framework.Tests.ErrorValidationsTest" name="LoginErrorValidation" time="21.000"/>
</testsuite> <!-- framework.Tests.ErrorValidationsTest -->
