<?xml version="1.0" encoding="UTF-8"?>
<!-- Generated by org.testng.reporters.JUnitReportReporter -->
<testsuite hostname="DESKTOP-KJACJ2C" failures="0" tests="1" name="cucumber.TestNGTestRunner" time="30.450" errors="0" timestamp="2024-07-05T18:40:35 IST" skipped="0">
  <testcase classname="cucumber.TestNGTestRunner" name="runScenario" time="30.450"/>
</testsuite> <!-- cucumber.TestNGTestRunner -->
