<?xml version="1.0" encoding="UTF-8"?>
<!-- Generated by org.testng.reporters.JUnitReportReporter -->
<testsuite hostname="DESKTOP-KJACJ2C" failures="0" tests="3" name="framework.Tests.SubmitOrderTest" time="80.640" errors="0" timestamp="2024-07-08T12:26:35 IST" skipped="0">
  <testcase classname="framework.Tests.SubmitOrderTest" name="submitOrder" time="10.535"/>
  <testcase classname="framework.Tests.SubmitOrderTest" name="orderHistory" time="10.287"/>
  <testcase classname="framework.Tests.SubmitOrderTest" name="submitOrder" time="59.818"/>
</testsuite> <!-- framework.Tests.SubmitOrderTest -->
