<?xml version="1.0" encoding="UTF-8"?>
<!-- Generated by org.testng.reporters.JUnitReportReporter -->
<testsuite hostname="DESKTOP-KJACJ2C" failures="0" tests="2" name="framework.Tests.ErrorValidationsTest" time="70.090" errors="0" timestamp="2024-07-08T12:26:35 IST" skipped="0">
  <testcase classname="framework.Tests.ErrorValidationsTest" name="LoginErrorValidation" time="43.232"/>
  <testcase classname="framework.Tests.ErrorValidationsTest" name="ProductErrorValidation" time="26.858"/>
</testsuite> <!-- framework.Tests.ErrorValidationsTest -->
